0 info it worked if it ends with ok
1 verbose cli [ '/usr/bin/nodejs', '/usr/local/bin/npm', 'start' ]
2 info using npm@4.0.3
3 info using node@v4.2.6
4 verbose stack Error: ENOENT: no such file or directory, open '/home/70744416353/NetBeansProjects/github/todoList/package.json'
4 verbose stack     at Error (native)
5 verbose cwd /home/70744416353/NetBeansProjects/github/todoList
6 error Linux 4.4.0-45-generic
7 error argv "/usr/bin/nodejs" "/usr/local/bin/npm" "start"
8 error node v4.2.6
9 error npm  v4.0.3
10 error path /home/70744416353/NetBeansProjects/github/todoList/package.json
11 error code ENOENT
12 error errno -2
13 error syscall open
14 error enoent ENOENT: no such file or directory, open '/home/70744416353/NetBeansProjects/github/todoList/package.json'
15 error enoent ENOENT: no such file or directory, open '/home/70744416353/NetBeansProjects/github/todoList/package.json'
15 error enoent This is most likely not a problem with npm itself
15 error enoent and is related to npm not being able to find a file.
16 verbose exit [ -2, true ]
